[2023-02-18 23:39:43,424] INFO Starting the log cleaner (kafka.log.LogCleaner)
[2023-02-18 23:39:43,467] INFO [kafka-log-cleaner-thread-0]: Starting (kafka.log.LogCleaner)
[2023-02-18 23:39:58,500] INFO Cleaner 0: Beginning cleaning of log __consumer_offsets-28 (kafka.log.LogCleaner)
[2023-02-18 23:39:58,500] INFO Cleaner 0: Building offset map for __consumer_offsets-28... (kafka.log.LogCleaner)
[2023-02-18 23:39:58,529] INFO Cleaner 0: Building offset map for log __consumer_offsets-28 for 1 segments in offset range [0, 18). (kafka.log.LogCleaner)
[2023-02-18 23:39:58,544] INFO Cleaner 0: Offset map for log __consumer_offsets-28 complete. (kafka.log.LogCleaner)
[2023-02-18 23:39:58,546] INFO Cleaner 0: Cleaning log __consumer_offsets-28 (cleaning prior to Wed Feb 01 23:58:24 IST 2023, discarding tombstones prior to upper bound deletion horizon Thu Jan 01 05:30:00 IST 1970)... (kafka.log.LogCleaner)
[2023-02-18 23:39:58,552] INFO Cleaner 0: Cleaning LogSegment(baseOffset=0, size=3359, lastModifiedTime=1675276104401, largestRecordTimestamp=Some(1675276104401)) in log __consumer_offsets-28 into 0 with an upper bound deletion horizon 0 computed from the segment last modified time of 1675276104401,retaining deletes. (kafka.log.LogCleaner)
[2023-02-18 23:39:58,582] INFO Cleaner 0: Swapping in cleaned segment LogSegment(baseOffset=0, size=511, lastModifiedTime=1675276104401, largestRecordTimestamp=Some(1675276104401)) for segment(s) List(LogSegment(baseOffset=0, size=3359, lastModifiedTime=1675276104401, largestRecordTimestamp=Some(1675276104401))) in log Log(dir=C:\tmp\kafka-logs\__consumer_offsets-28, topicId=PiffbnC3TuyYnUOIOTTmrQ, topic=__consumer_offsets, partition=28, highWatermark=19, lastStableOffset=19, logStartOffset=0, logEndOffset=19) (kafka.log.LogCleaner)
[2023-02-18 23:39:58,601] INFO Cleaner 0: Beginning cleaning of log __consumer_offsets-28 (kafka.log.LogCleaner)
[2023-02-18 23:39:58,601] INFO Cleaner 0: Building offset map for __consumer_offsets-28... (kafka.log.LogCleaner)
[2023-02-18 23:39:58,636] INFO Cleaner 0: Building offset map for log __consumer_offsets-28 for 1 segments in offset range [0, 18). (kafka.log.LogCleaner)
[2023-02-18 23:39:58,638] INFO Cleaner 0: Offset map for log __consumer_offsets-28 complete. (kafka.log.LogCleaner)
[2023-02-18 23:39:58,638] INFO Cleaner 0: Cleaning log __consumer_offsets-28 (cleaning prior to Wed Feb 01 23:58:24 IST 2023, discarding tombstones prior to upper bound deletion horizon Thu Jan 01 05:30:00 IST 1970)... (kafka.log.LogCleaner)
[2023-02-18 23:42:50,728] INFO Starting the log cleaner (kafka.log.LogCleaner)
[2023-02-18 23:42:50,794] INFO [kafka-log-cleaner-thread-0]: Starting (kafka.log.LogCleaner)
[2023-02-18 23:43:05,830] INFO Cleaner 0: Beginning cleaning of log __consumer_offsets-28 (kafka.log.LogCleaner)
[2023-02-18 23:43:05,830] INFO Cleaner 0: Building offset map for __consumer_offsets-28... (kafka.log.LogCleaner)
[2023-02-18 23:43:05,864] INFO Cleaner 0: Building offset map for log __consumer_offsets-28 for 1 segments in offset range [0, 18). (kafka.log.LogCleaner)
[2023-02-18 23:43:05,886] INFO Cleaner 0: Offset map for log __consumer_offsets-28 complete. (kafka.log.LogCleaner)
[2023-02-18 23:43:05,888] INFO Cleaner 0: Cleaning log __consumer_offsets-28 (cleaning prior to Wed Feb 01 23:58:24 IST 2023, discarding tombstones prior to upper bound deletion horizon Thu Jan 01 05:30:00 IST 1970)... (kafka.log.LogCleaner)
[2023-02-18 23:43:05,895] INFO Cleaner 0: Cleaning LogSegment(baseOffset=0, size=3359, lastModifiedTime=1675276104401, largestRecordTimestamp=Some(1675276104401)) in log __consumer_offsets-28 into 0 with an upper bound deletion horizon 0 computed from the segment last modified time of 1675276104401,retaining deletes. (kafka.log.LogCleaner)
[2023-02-18 23:43:05,927] INFO Cleaner 0: Swapping in cleaned segment LogSegment(baseOffset=0, size=511, lastModifiedTime=1675276104401, largestRecordTimestamp=Some(1675276104401)) for segment(s) List(LogSegment(baseOffset=0, size=3359, lastModifiedTime=1675276104401, largestRecordTimestamp=Some(1675276104401))) in log Log(dir=C:\tmp\kafka-logs\__consumer_offsets-28, topicId=PiffbnC3TuyYnUOIOTTmrQ, topic=__consumer_offsets, partition=28, highWatermark=19, lastStableOffset=19, logStartOffset=0, logEndOffset=19) (kafka.log.LogCleaner)
[2023-02-18 23:43:05,952] INFO Cleaner 0: Beginning cleaning of log __consumer_offsets-28 (kafka.log.LogCleaner)
[2023-02-18 23:43:05,952] INFO Cleaner 0: Building offset map for __consumer_offsets-28... (kafka.log.LogCleaner)
[2023-02-18 23:43:05,996] INFO Cleaner 0: Building offset map for log __consumer_offsets-28 for 1 segments in offset range [0, 18). (kafka.log.LogCleaner)
[2023-02-18 23:43:05,999] INFO Cleaner 0: Offset map for log __consumer_offsets-28 complete. (kafka.log.LogCleaner)
[2023-02-18 23:43:05,999] INFO Cleaner 0: Cleaning log __consumer_offsets-28 (cleaning prior to Wed Feb 01 23:58:24 IST 2023, discarding tombstones prior to upper bound deletion horizon Thu Jan 01 05:30:00 IST 1970)... (kafka.log.LogCleaner)
[2023-02-18 23:47:16,648] INFO Starting the log cleaner (kafka.log.LogCleaner)
[2023-02-18 23:47:16,716] INFO [kafka-log-cleaner-thread-0]: Starting (kafka.log.LogCleaner)
[2023-02-20 00:15:39,635] INFO Starting the log cleaner (kafka.log.LogCleaner)
[2023-02-20 00:15:39,677] INFO [kafka-log-cleaner-thread-0]: Starting (kafka.log.LogCleaner)
[2023-02-24 16:51:42,028] INFO Starting the log cleaner (kafka.log.LogCleaner)
[2023-02-24 16:51:42,084] INFO [kafka-log-cleaner-thread-0]: Starting (kafka.log.LogCleaner)
[2023-02-24 16:51:42,795] INFO Shutting down the log cleaner. (kafka.log.LogCleaner)
[2023-02-24 16:51:42,795] INFO [kafka-log-cleaner-thread-0]: Shutting down (kafka.log.LogCleaner)
[2023-02-24 16:51:42,796] INFO [kafka-log-cleaner-thread-0]: Stopped (kafka.log.LogCleaner)
[2023-02-24 16:51:42,796] INFO [kafka-log-cleaner-thread-0]: Shutdown completed (kafka.log.LogCleaner)
[2023-02-24 17:30:54,904] INFO Starting the log cleaner (kafka.log.LogCleaner)
[2023-02-24 17:30:55,001] INFO [kafka-log-cleaner-thread-0]: Starting (kafka.log.LogCleaner)
[2023-03-01 16:09:18,162] INFO Starting the log cleaner (kafka.log.LogCleaner)
[2023-03-01 16:09:18,205] INFO [kafka-log-cleaner-thread-0]: Starting (kafka.log.LogCleaner)
[2023-03-01 18:23:35,831] INFO Starting the log cleaner (kafka.log.LogCleaner)
[2023-03-01 18:23:35,879] INFO [kafka-log-cleaner-thread-0]: Starting (kafka.log.LogCleaner)
[2023-03-01 18:23:36,671] INFO Shutting down the log cleaner. (kafka.log.LogCleaner)
[2023-03-01 18:23:36,671] INFO [kafka-log-cleaner-thread-0]: Shutting down (kafka.log.LogCleaner)
[2023-03-01 18:23:36,672] INFO [kafka-log-cleaner-thread-0]: Stopped (kafka.log.LogCleaner)
[2023-03-01 18:23:36,672] INFO [kafka-log-cleaner-thread-0]: Shutdown completed (kafka.log.LogCleaner)
[2023-03-01 18:23:50,414] INFO Starting the log cleaner (kafka.log.LogCleaner)
[2023-03-01 18:23:50,459] INFO [kafka-log-cleaner-thread-0]: Starting (kafka.log.LogCleaner)
